[2021-01-23 18:26:16,705 INFO] Loading train dataset from ../processed_data/incorpscore/Twitter_src35_conv100_tgt10_vs30000_notshare.train.1.pt, number of examples: 77909
[2021-01-23 18:26:16,833 INFO]  * vocabulary size. source = 53492; target = 11644
[2021-01-23 18:26:16,833 INFO] Building model...
[2021-01-23 18:26:24,427 INFO] TwoEncoderModel(
  (encoder): BiAttEncoder(
    (linear_bm25): Linear(in_features=1, out_features=1, bias=True)
    (embeddings): Embeddings(
      (make_embedding): Sequential(
        (emb_luts): Elementwise(
          (0): Embedding(53492, 300, padding_idx=0)
        )
      )
    )
    (src_rnn_list): ModuleList(
      (0): GRU(300, 200, bidirectional=True)
    )
    (merge_rnn): GRU(800, 200, bidirectional=True)
    (combine_output): Linear(in_features=800, out_features=400, bias=True)
    (combine_hidden): Linear(in_features=400, out_features=200, bias=True)
    (dropout): Dropout(p=0.1, inplace=False)
  )
  (decoder): InputFeedRNNDecoder(
    (embeddings): Embeddings(
      (make_embedding): Sequential(
        (emb_luts): Elementwise(
          (0): Embedding(11644, 300, padding_idx=1)
        )
      )
    )
    (dropout): Dropout(p=0.1, inplace=False)
    (rnn): StackedGRU(
      (dropout): Dropout(p=0.1, inplace=False)
      (layers): ModuleList(
        (0): GRUCell(700, 400)
      )
    )
    (attn): GlobalAttention(
      (linear_in): Linear(in_features=400, out_features=400, bias=False)
      (linear_out): Linear(in_features=800, out_features=400, bias=False)
      (sm): Softmax(dim=-1)
      (tanh): Tanh()
    )
  )
  (generator): Sequential(
    (0): Linear(in_features=400, out_features=11644, bias=True)
    (1): LogSoftmax()
  )
)
[2021-01-23 18:26:24,428 INFO] * number of parameters: 28217846
[2021-01-23 18:26:24,428 INFO] encoder: 18253002
[2021-01-23 18:26:24,428 INFO] decoder: 9964844
[2021-01-23 18:26:24,429 INFO] Making optimizer for training.
Stage 1: Keys after executing optim.set_parameters(model.parameters())
optim.optimizer.state_dict()['state'] keys: 
optim.optimizer.state_dict()['param_groups'] elements: 
optim.optimizer.state_dict()['param_groups'] element: {'lr': 0.001, 'betas': [0.9, 0.999], 'eps': 1e-09, 'weight_decay': 0, 'amsgrad': False, 'params': [140440804962736, 140440804962880, 140440804962520, 140440804962808, 140440804963024, 140440804963168, 140440804963096, 140440804963312, 140440804963456, 140440804963384, 140440804963600, 140440804963960, 140440804964176, 140440804964320, 140440804964248, 140440804964464, 140440804964608, 140440804964536, 140440804964752, 140440804965112, 140440804965328, 140440804965472, 140440804965400, 140440804965616, 140440804965760, 140440804965688, 140440804965904, 140440804966048, 140440804965976, 140440804966192, 140440804966336, 140440804966264]}
/home/xiuwen/anaconda3/envs/hashtagGen/lib/python3.6/site-packages/torch/nn/_reduction.py:43: UserWarning: size_average and reduce args will be deprecated, please use reduction='sum' instead.
  warnings.warn(warning.format(ret))
[2021-01-23 18:26:24,432 INFO] 
[2021-01-23 18:26:24,432 INFO] Start training...
[2021-01-23 18:26:24,432 INFO]  * number of epochs: 15, starting from Epoch 1
[2021-01-23 18:26:24,432 INFO]  * batch size: 64
[2021-01-23 18:26:24,432 INFO] The current epoch: 1
[2021-01-23 18:26:53,654 INFO] Loading train dataset from ../processed_data/incorpscore/Twitter_src35_conv100_tgt10_vs30000_notshare.train.1.pt, number of examples: 77909
[2021-01-23 18:27:01,936 INFO] Epoch  1,    50/ 1218; acc:  34.67; ppl: 310.22; xent:   5.74;  6670 src tok/s; 1129 tgt tok/s;      8 s elapsed
[2021-01-23 18:27:09,802 INFO] Epoch  1,   100/ 1218; acc:  35.74; ppl: 152.06; xent:   5.02;  7086 src tok/s; 1184 tgt tok/s;     16 s elapsed
[2021-01-23 18:27:17,446 INFO] Epoch  1,   150/ 1218; acc:  38.01; ppl: 108.41; xent:   4.69;  6543 src tok/s; 1261 tgt tok/s;     24 s elapsed
[2021-01-23 18:27:25,609 INFO] Epoch  1,   200/ 1218; acc:  41.30; ppl:  84.82; xent:   4.44;  7618 src tok/s; 1129 tgt tok/s;     32 s elapsed
[2021-01-23 18:27:33,564 INFO] Epoch  1,   250/ 1218; acc:  41.58; ppl:  71.43; xent:   4.27;  6881 src tok/s; 1218 tgt tok/s;     40 s elapsed
[2021-01-23 18:27:41,458 INFO] Epoch  1,   300/ 1218; acc:  43.65; ppl:  62.83; xent:   4.14;  7183 src tok/s; 1154 tgt tok/s;     48 s elapsed
[2021-01-23 18:27:49,046 INFO] Epoch  1,   350/ 1218; acc:  43.30; ppl:  61.90; xent:   4.13;  7380 src tok/s; 1255 tgt tok/s;     55 s elapsed
[2021-01-23 18:27:56,827 INFO] Epoch  1,   400/ 1218; acc:  44.96; ppl:  50.04; xent:   3.91;  7195 src tok/s; 1182 tgt tok/s;     63 s elapsed
[2021-01-23 18:28:04,477 INFO] Epoch  1,   450/ 1218; acc:  45.73; ppl:  47.83; xent:   3.87;  7432 src tok/s; 1225 tgt tok/s;     71 s elapsed
[2021-01-23 18:28:12,014 INFO] Epoch  1,   500/ 1218; acc:  45.35; ppl:  45.75; xent:   3.82;  7290 src tok/s; 1257 tgt tok/s;     78 s elapsed
[2021-01-23 18:28:19,612 INFO] Epoch  1,   550/ 1218; acc:  46.29; ppl:  42.48; xent:   3.75;  7469 src tok/s; 1255 tgt tok/s;     86 s elapsed
[2021-01-23 18:28:27,286 INFO] Epoch  1,   600/ 1218; acc:  47.47; ppl:  39.39; xent:   3.67;  7076 src tok/s; 1194 tgt tok/s;     94 s elapsed
[2021-01-23 18:28:35,219 INFO] Epoch  1,   650/ 1218; acc:  47.47; ppl:  37.14; xent:   3.61;  6880 src tok/s; 1177 tgt tok/s;    102 s elapsed
[2021-01-23 18:28:43,209 INFO] Epoch  1,   700/ 1218; acc:  47.94; ppl:  37.21; xent:   3.62;  7157 src tok/s; 1167 tgt tok/s;    110 s elapsed
[2021-01-23 18:28:50,995 INFO] Epoch  1,   750/ 1218; acc:  48.10; ppl:  35.15; xent:   3.56;  6851 src tok/s; 1200 tgt tok/s;    117 s elapsed
[2021-01-23 18:28:58,706 INFO] Epoch  1,   800/ 1218; acc:  49.48; ppl:  31.59; xent:   3.45;  7534 src tok/s; 1215 tgt tok/s;    125 s elapsed
[2021-01-23 18:29:06,289 INFO] Epoch  1,   850/ 1218; acc:  49.31; ppl:  32.43; xent:   3.48;  7357 src tok/s; 1251 tgt tok/s;    133 s elapsed
[2021-01-23 18:29:13,792 INFO] Epoch  1,   900/ 1218; acc:  48.53; ppl:  32.41; xent:   3.48;  7343 src tok/s; 1213 tgt tok/s;    140 s elapsed
[2021-01-23 18:29:21,896 INFO] Epoch  1,   950/ 1218; acc:  49.14; ppl:  32.44; xent:   3.48;  7021 src tok/s; 1178 tgt tok/s;    148 s elapsed
[2021-01-23 18:29:29,586 INFO] Epoch  1,  1000/ 1218; acc:  49.56; ppl:  29.41; xent:   3.38;  7215 src tok/s; 1208 tgt tok/s;    156 s elapsed
[2021-01-23 18:29:37,750 INFO] Epoch  1,  1050/ 1218; acc:  49.34; ppl:  31.52; xent:   3.45;  6804 src tok/s; 1154 tgt tok/s;    164 s elapsed
[2021-01-23 18:29:45,471 INFO] Epoch  1,  1100/ 1218; acc:  50.29; ppl:  27.76; xent:   3.32;  7139 src tok/s; 1213 tgt tok/s;    172 s elapsed
[2021-01-23 18:29:55,307 INFO] Epoch  1,  1150/ 1218; acc:  50.15; ppl:  28.11; xent:   3.34;  5977 src tok/s; 1000 tgt tok/s;    182 s elapsed
[2021-01-23 18:30:05,865 INFO] Epoch  1,  1200/ 1218; acc:  50.75; ppl:  26.68; xent:   3.28;  4934 src tok/s; 854 tgt tok/s;    192 s elapsed
[2021-01-23 18:30:09,509 INFO] Train perplexity: 47.6283
[2021-01-23 18:30:09,509 INFO] Train accuracy: 45.8246
[2021-01-23 18:30:11,891 INFO] Loading valid dataset from ../processed_data/incorpscore/Twitter_src35_conv100_tgt10_vs30000_notshare.valid.1.pt, number of examples: 9599
/home/xiuwen/anaconda3/envs/hashtagGen/lib/python3.6/site-packages/torchtext/data/field.py:321: UserWarning: volatile was removed and now has no effect. Use `with torch.no_grad():` instead.
  return Variable(arr, volatile=not train), lengths
/home/xiuwen/anaconda3/envs/hashtagGen/lib/python3.6/site-packages/torchtext/data/field.py:322: UserWarning: volatile was removed and now has no effect. Use `with torch.no_grad():` instead.
  return Variable(arr, volatile=not train)
[2021-01-23 18:30:45,849 INFO] Validation perplexity: 27.0174
[2021-01-23 18:30:45,850 INFO] Validation accuracy: 50.9968
Saving model into saved_models/incorpscore/Twitter_BiAttEncoder_0.001_400rnn_300emb_seed23bm25_notshare_acc_51.00_ppl_27.02_e1.pt
[2021-01-23 18:30:47,056 INFO] The current epoch: 2
[2021-01-23 18:31:22,300 INFO] Loading train dataset from ../processed_data/incorpscore/Twitter_src35_conv100_tgt10_vs30000_notshare.train.1.pt, number of examples: 77909
[2021-01-23 18:31:32,318 INFO] Epoch  2,    50/ 1218; acc:  50.93; ppl:  22.69; xent:   3.12;  5520 src tok/s; 934 tgt tok/s;     10 s elapsed
[2021-01-23 18:31:40,569 INFO] Epoch  2,   100/ 1218; acc:  50.68; ppl:  22.37; xent:   3.11;  6754 src tok/s; 1129 tgt tok/s;     18 s elapsed
[2021-01-23 18:31:48,472 INFO] Epoch  2,   150/ 1218; acc:  51.69; ppl:  20.01; xent:   3.00;  6329 src tok/s; 1219 tgt tok/s;     26 s elapsed
[2021-01-23 18:31:56,855 INFO] Epoch  2,   200/ 1218; acc:  50.82; ppl:  22.55; xent:   3.12;  7418 src tok/s; 1099 tgt tok/s;     35 s elapsed
[2021-01-23 18:32:04,887 INFO] Epoch  2,   250/ 1218; acc:  51.80; ppl:  20.56; xent:   3.02;  6815 src tok/s; 1206 tgt tok/s;     43 s elapsed
[2021-01-23 18:32:12,827 INFO] Epoch  2,   300/ 1218; acc:  51.30; ppl:  19.77; xent:   2.98;  7139 src tok/s; 1147 tgt tok/s;     51 s elapsed
[2021-01-23 18:32:20,814 INFO] Epoch  2,   350/ 1218; acc:  51.31; ppl:  20.13; xent:   3.00;  7011 src tok/s; 1192 tgt tok/s;     58 s elapsed
[2021-01-23 18:32:29,106 INFO] Epoch  2,   400/ 1218; acc:  52.24; ppl:  18.05; xent:   2.89;  6752 src tok/s; 1110 tgt tok/s;     67 s elapsed
[2021-01-23 18:32:37,130 INFO] Epoch  2,   450/ 1218; acc:  52.32; ppl:  18.40; xent:   2.91;  7085 src tok/s; 1167 tgt tok/s;     75 s elapsed
[2021-01-23 18:32:44,984 INFO] Epoch  2,   500/ 1218; acc:  52.56; ppl:  17.54; xent:   2.86;  6998 src tok/s; 1206 tgt tok/s;     83 s elapsed
[2021-01-23 18:32:53,102 INFO] Epoch  2,   550/ 1218; acc:  53.09; ppl:  16.85; xent:   2.82;  6990 src tok/s; 1175 tgt tok/s;     91 s elapsed
[2021-01-23 18:33:01,134 INFO] Epoch  2,   600/ 1218; acc:  53.91; ppl:  16.47; xent:   2.80;  6762 src tok/s; 1141 tgt tok/s;     99 s elapsed
[2021-01-23 18:33:09,197 INFO] Epoch  2,   650/ 1218; acc:  53.94; ppl:  15.52; xent:   2.74;  6770 src tok/s; 1158 tgt tok/s;    107 s elapsed
[2021-01-23 18:33:17,254 INFO] Epoch  2,   700/ 1218; acc:  53.42; ppl:  16.51; xent:   2.80;  7097 src tok/s; 1157 tgt tok/s;    115 s elapsed
[2021-01-23 18:33:25,273 INFO] Epoch  2,   750/ 1218; acc:  53.94; ppl:  15.51; xent:   2.74;  6652 src tok/s; 1165 tgt tok/s;    123 s elapsed
[2021-01-23 18:33:33,431 INFO] Epoch  2,   800/ 1218; acc:  54.74; ppl:  14.55; xent:   2.68;  7122 src tok/s; 1149 tgt tok/s;    131 s elapsed
[2021-01-23 18:33:41,111 INFO] Epoch  2,   850/ 1218; acc:  54.23; ppl:  14.65; xent:   2.68;  7264 src tok/s; 1235 tgt tok/s;    139 s elapsed
[2021-01-23 18:33:49,225 INFO] Epoch  2,   900/ 1218; acc:  52.74; ppl:  15.87; xent:   2.76;  6790 src tok/s; 1121 tgt tok/s;    147 s elapsed
[2021-01-23 18:33:57,360 INFO] Epoch  2,   950/ 1218; acc:  53.74; ppl:  15.37; xent:   2.73;  6994 src tok/s; 1173 tgt tok/s;    155 s elapsed
[2021-01-23 18:34:05,294 INFO] Epoch  2,  1000/ 1218; acc:  54.20; ppl:  14.02; xent:   2.64;  6994 src tok/s; 1171 tgt tok/s;    163 s elapsed
[2021-01-23 18:34:13,551 INFO] Epoch  2,  1050/ 1218; acc:  53.52; ppl:  15.35; xent:   2.73;  6728 src tok/s; 1141 tgt tok/s;    171 s elapsed
[2021-01-23 18:34:21,745 INFO] Epoch  2,  1100/ 1218; acc:  54.49; ppl:  13.79; xent:   2.62;  6727 src tok/s; 1143 tgt tok/s;    179 s elapsed
[2021-01-23 18:34:29,817 INFO] Epoch  2,  1150/ 1218; acc:  54.79; ppl:  13.65; xent:   2.61;  7283 src tok/s; 1219 tgt tok/s;    188 s elapsed
[2021-01-23 18:34:37,624 INFO] Epoch  2,  1200/ 1218; acc:  54.03; ppl:  13.61; xent:   2.61;  6672 src tok/s; 1155 tgt tok/s;    195 s elapsed
[2021-01-23 18:34:40,642 INFO] Train perplexity: 16.9457
[2021-01-23 18:34:40,642 INFO] Train accuracy: 52.9772
[2021-01-23 18:34:42,802 INFO] Loading valid dataset from ../processed_data/incorpscore/Twitter_src35_conv100_tgt10_vs30000_notshare.valid.1.pt, number of examples: 9599
[2021-01-23 18:35:09,675 INFO] Validation perplexity: 25.2702
[2021-01-23 18:35:09,676 INFO] Validation accuracy: 52.3318
Saving model into saved_models/incorpscore/Twitter_BiAttEncoder_0.001_400rnn_300emb_seed23bm25_notshare_acc_52.33_ppl_25.27_e2.pt
[2021-01-23 18:35:10,738 INFO] The current epoch: 3
[2021-01-23 18:35:44,601 INFO] Loading train dataset from ../processed_data/incorpscore/Twitter_src35_conv100_tgt10_vs30000_notshare.train.1.pt, number of examples: 77909
[2021-01-23 18:36:01,877 INFO] Epoch  3,    50/ 1218; acc:  55.44; ppl:  11.84; xent:   2.47;  3197 src tok/s; 541 tgt tok/s;     17 s elapsed
[2021-01-23 18:36:09,664 INFO] Epoch  3,   100/ 1218; acc:  55.18; ppl:  11.57; xent:   2.45;  7157 src tok/s; 1196 tgt tok/s;     25 s elapsed
[2021-01-23 18:36:17,622 INFO] Epoch  3,   150/ 1218; acc:  56.04; ppl:  10.59; xent:   2.36;  6285 src tok/s; 1211 tgt tok/s;     33 s elapsed
[2021-01-23 18:36:26,268 INFO] Epoch  3,   200/ 1218; acc:  54.43; ppl:  11.90; xent:   2.48;  7193 src tok/s; 1066 tgt tok/s;     42 s elapsed
[2021-01-23 18:36:34,246 INFO] Epoch  3,   250/ 1218; acc:  55.36; ppl:  11.28; xent:   2.42;  6861 src tok/s; 1214 tgt tok/s;     50 s elapsed
[2021-01-23 18:36:42,018 INFO] Epoch  3,   300/ 1218; acc:  55.42; ppl:  10.71; xent:   2.37;  7294 src tok/s; 1172 tgt tok/s;     57 s elapsed
[2021-01-23 18:36:49,823 INFO] Epoch  3,   350/ 1218; acc:  55.48; ppl:  11.10; xent:   2.41;  7174 src tok/s; 1220 tgt tok/s;     65 s elapsed
[2021-01-23 18:36:57,585 INFO] Epoch  3,   400/ 1218; acc:  56.74; ppl:  10.07; xent:   2.31;  7214 src tok/s; 1186 tgt tok/s;     73 s elapsed
[2021-01-23 18:37:05,508 INFO] Epoch  3,   450/ 1218; acc:  56.21; ppl:  10.06; xent:   2.31;  7174 src tok/s; 1182 tgt tok/s;     81 s elapsed
[2021-01-23 18:37:13,863 INFO] Epoch  3,   500/ 1218; acc:  56.54; ppl:   9.74; xent:   2.28;  6578 src tok/s; 1134 tgt tok/s;     89 s elapsed
[2021-01-23 18:37:21,922 INFO] Epoch  3,   550/ 1218; acc:  57.00; ppl:   9.54; xent:   2.26;  7042 src tok/s; 1183 tgt tok/s;     97 s elapsed
[2021-01-23 18:37:29,533 INFO] Epoch  3,   600/ 1218; acc:  57.36; ppl:   9.22; xent:   2.22;  7135 src tok/s; 1204 tgt tok/s;    105 s elapsed
[2021-01-23 18:37:37,245 INFO] Epoch  3,   650/ 1218; acc:  57.74; ppl:   9.07; xent:   2.20;  7079 src tok/s; 1211 tgt tok/s;    113 s elapsed
[2021-01-23 18:37:45,276 INFO] Epoch  3,   700/ 1218; acc:  57.19; ppl:   9.33; xent:   2.23;  7120 src tok/s; 1161 tgt tok/s;    121 s elapsed
[2021-01-23 18:37:53,174 INFO] Epoch  3,   750/ 1218; acc:  57.75; ppl:   8.92; xent:   2.19;  6754 src tok/s; 1183 tgt tok/s;    129 s elapsed
[2021-01-23 18:38:01,114 INFO] Epoch  3,   800/ 1218; acc:  58.21; ppl:   8.43; xent:   2.13;  7318 src tok/s; 1180 tgt tok/s;    137 s elapsed
[2021-01-23 18:38:09,117 INFO] Epoch  3,   850/ 1218; acc:  58.00; ppl:   8.36; xent:   2.12;  6972 src tok/s; 1185 tgt tok/s;    145 s elapsed
[2021-01-23 18:38:17,041 INFO] Epoch  3,   900/ 1218; acc:  56.46; ppl:   9.39; xent:   2.24;  6952 src tok/s; 1148 tgt tok/s;    152 s elapsed
[2021-01-23 18:38:25,133 INFO] Epoch  3,   950/ 1218; acc:  57.55; ppl:   8.79; xent:   2.17;  7032 src tok/s; 1180 tgt tok/s;    161 s elapsed
[2021-01-23 18:38:32,807 INFO] Epoch  3,  1000/ 1218; acc:  58.73; ppl:   8.20; xent:   2.10;  7230 src tok/s; 1210 tgt tok/s;    168 s elapsed
[2021-01-23 18:38:40,634 INFO] Epoch  3,  1050/ 1218; acc:  57.57; ppl:   8.74; xent:   2.17;  7101 src tok/s; 1204 tgt tok/s;    176 s elapsed
[2021-01-23 18:38:48,617 INFO] Epoch  3,  1100/ 1218; acc:  58.60; ppl:   8.11; xent:   2.09;  6905 src tok/s; 1173 tgt tok/s;    184 s elapsed
[2021-01-23 18:38:56,479 INFO] Epoch  3,  1150/ 1218; acc:  59.44; ppl:   7.90; xent:   2.07;  7477 src tok/s; 1251 tgt tok/s;    192 s elapsed
[2021-01-23 18:39:04,042 INFO] Epoch  3,  1200/ 1218; acc:  57.12; ppl:   8.18; xent:   2.10;  6888 src tok/s; 1192 tgt tok/s;    199 s elapsed
[2021-01-23 18:39:06,907 INFO] Train perplexity: 9.5202
[2021-01-23 18:39:06,908 INFO] Train accuracy: 56.9422
[2021-01-23 18:39:15,432 INFO] Loading valid dataset from ../processed_data/incorpscore/Twitter_src35_conv100_tgt10_vs30000_notshare.valid.1.pt, number of examples: 9599
[2021-01-23 18:39:39,346 INFO] Validation perplexity: 28.7939
[2021-01-23 18:39:39,348 INFO] Validation accuracy: 52.4422
[2021-01-23 18:39:39,348 INFO] Decaying learning rate to 0.0005
Saving model into saved_models/incorpscore/Twitter_BiAttEncoder_0.001_400rnn_300emb_seed23bm25_notshare_acc_52.44_ppl_28.79_e3.pt
[2021-01-23 18:39:40,263 INFO] The current epoch: 4
[2021-01-23 18:40:12,676 INFO] Loading train dataset from ../processed_data/incorpscore/Twitter_src35_conv100_tgt10_vs30000_notshare.train.1.pt, number of examples: 77909
[2021-01-23 18:40:22,549 INFO] Epoch  4,    50/ 1218; acc:  58.77; ppl:   7.42; xent:   2.00;  5597 src tok/s; 947 tgt tok/s;     10 s elapsed
[2021-01-23 18:40:30,157 INFO] Epoch  4,   100/ 1218; acc:  59.27; ppl:   7.16; xent:   1.97;  7325 src tok/s; 1224 tgt tok/s;     17 s elapsed
[2021-01-23 18:40:37,758 INFO] Epoch  4,   150/ 1218; acc:  60.05; ppl:   6.57; xent:   1.88;  6580 src tok/s; 1268 tgt tok/s;     25 s elapsed
[2021-01-23 18:40:45,819 INFO] Epoch  4,   200/ 1218; acc:  59.50; ppl:   7.14; xent:   1.97;  7715 src tok/s; 1143 tgt tok/s;     33 s elapsed
[2021-01-23 18:40:53,705 INFO] Epoch  4,   250/ 1218; acc:  59.69; ppl:   6.95; xent:   1.94;  6941 src tok/s; 1228 tgt tok/s;     41 s elapsed
[2021-01-23 18:41:01,488 INFO] Epoch  4,   300/ 1218; acc:  60.34; ppl:   6.46; xent:   1.87;  7284 src tok/s; 1170 tgt tok/s;     49 s elapsed
[2021-01-23 18:41:09,336 INFO] Epoch  4,   350/ 1218; acc:  60.58; ppl:   6.61; xent:   1.89;  7135 src tok/s; 1213 tgt tok/s;     57 s elapsed
[2021-01-23 18:41:18,723 INFO] Epoch  4,   400/ 1218; acc:  61.88; ppl:   5.87; xent:   1.77;  5965 src tok/s; 980 tgt tok/s;     66 s elapsed
[2021-01-23 18:41:27,128 INFO] Epoch  4,   450/ 1218; acc:  62.01; ppl:   5.71; xent:   1.74;  6764 src tok/s; 1114 tgt tok/s;     74 s elapsed
[2021-01-23 18:41:34,911 INFO] Epoch  4,   500/ 1218; acc:  62.17; ppl:   5.66; xent:   1.73;  7060 src tok/s; 1217 tgt tok/s;     82 s elapsed
[2021-01-23 18:41:42,829 INFO] Epoch  4,   550/ 1218; acc:  62.89; ppl:   5.39; xent:   1.69;  7167 src tok/s; 1204 tgt tok/s;     90 s elapsed
[2021-01-23 18:41:50,761 INFO] Epoch  4,   600/ 1218; acc:  63.72; ppl:   5.03; xent:   1.62;  6846 src tok/s; 1155 tgt tok/s;     98 s elapsed
[2021-01-23 18:41:58,559 INFO] Epoch  4,   650/ 1218; acc:  63.02; ppl:   5.22; xent:   1.65;  7000 src tok/s; 1197 tgt tok/s;    106 s elapsed
[2021-01-23 18:42:06,288 INFO] Epoch  4,   700/ 1218; acc:  63.26; ppl:   5.30; xent:   1.67;  7398 src tok/s; 1206 tgt tok/s;    114 s elapsed
[2021-01-23 18:42:14,265 INFO] Epoch  4,   750/ 1218; acc:  64.17; ppl:   4.90; xent:   1.59;  6687 src tok/s; 1171 tgt tok/s;    122 s elapsed
[2021-01-23 18:42:22,057 INFO] Epoch  4,   800/ 1218; acc:  65.10; ppl:   4.76; xent:   1.56;  7456 src tok/s; 1203 tgt tok/s;    129 s elapsed
[2021-01-23 18:42:29,761 INFO] Epoch  4,   850/ 1218; acc:  64.99; ppl:   4.54; xent:   1.51;  7241 src tok/s; 1231 tgt tok/s;    137 s elapsed
[2021-01-23 18:42:37,496 INFO] Epoch  4,   900/ 1218; acc:  63.83; ppl:   5.04; xent:   1.62;  7123 src tok/s; 1176 tgt tok/s;    145 s elapsed
[2021-01-23 18:42:45,294 INFO] Epoch  4,   950/ 1218; acc:  65.06; ppl:   4.66; xent:   1.54;  7296 src tok/s; 1224 tgt tok/s;    153 s elapsed
[2021-01-23 18:42:52,949 INFO] Epoch  4,  1000/ 1218; acc:  65.99; ppl:   4.41; xent:   1.48;  7248 src tok/s; 1213 tgt tok/s;    160 s elapsed
[2021-01-23 18:43:00,882 INFO] Epoch  4,  1050/ 1218; acc:  65.42; ppl:   4.51; xent:   1.51;  7004 src tok/s; 1188 tgt tok/s;    168 s elapsed
[2021-01-23 18:43:08,969 INFO] Epoch  4,  1100/ 1218; acc:  66.42; ppl:   4.22; xent:   1.44;  6815 src tok/s; 1158 tgt tok/s;    176 s elapsed
[2021-01-23 18:43:17,154 INFO] Epoch  4,  1150/ 1218; acc:  67.04; ppl:   4.16; xent:   1.42;  7182 src tok/s; 1202 tgt tok/s;    184 s elapsed
[2021-01-23 18:43:24,901 INFO] Epoch  4,  1200/ 1218; acc:  65.55; ppl:   4.22; xent:   1.44;  6724 src tok/s; 1164 tgt tok/s;    192 s elapsed
[2021-01-23 18:43:27,945 INFO] Train perplexity: 5.38703
[2021-01-23 18:43:27,946 INFO] Train accuracy: 62.9943
[2021-01-23 18:43:30,133 INFO] Loading valid dataset from ../processed_data/incorpscore/Twitter_src35_conv100_tgt10_vs30000_notshare.valid.1.pt, number of examples: 9599
[2021-01-23 18:43:54,201 INFO] Validation perplexity: 30.5457
[2021-01-23 18:43:54,202 INFO] Validation accuracy: 52.1467
[2021-01-23 18:43:54,202 INFO] Decaying learning rate to 0.00025
Saving model into saved_models/incorpscore/Twitter_BiAttEncoder_0.001_400rnn_300emb_seed23bm25_notshare_acc_52.15_ppl_30.55_e4.pt
[2021-01-23 18:43:55,250 INFO] The current epoch: 5
[2021-01-23 18:44:36,751 INFO] Loading train dataset from ../processed_data/incorpscore/Twitter_src35_conv100_tgt10_vs30000_notshare.train.1.pt, number of examples: 77909
[2021-01-23 18:44:50,241 INFO] Epoch  5,    50/ 1218; acc:  62.54; ppl:   5.32; xent:   1.67;  4097 src tok/s; 693 tgt tok/s;     13 s elapsed
[2021-01-23 18:44:59,309 INFO] Epoch  5,   100/ 1218; acc:  62.62; ppl:   5.14; xent:   1.64;  6146 src tok/s; 1027 tgt tok/s;     23 s elapsed
[2021-01-23 18:45:07,542 INFO] Epoch  5,   150/ 1218; acc:  63.97; ppl:   4.82; xent:   1.57;  6075 src tok/s; 1170 tgt tok/s;     31 s elapsed
[2021-01-23 18:45:16,434 INFO] Epoch  5,   200/ 1218; acc:  63.31; ppl:   5.01; xent:   1.61;  6995 src tok/s; 1037 tgt tok/s;     40 s elapsed
[2021-01-23 18:45:25,392 INFO] Epoch  5,   250/ 1218; acc:  63.50; ppl:   4.86; xent:   1.58;  6109 src tok/s; 1081 tgt tok/s;     49 s elapsed
[2021-01-23 18:45:34,445 INFO] Epoch  5,   300/ 1218; acc:  63.88; ppl:   4.62; xent:   1.53;  6262 src tok/s; 1006 tgt tok/s;     58 s elapsed
[2021-01-23 18:45:42,716 INFO] Epoch  5,   350/ 1218; acc:  64.71; ppl:   4.62; xent:   1.53;  6770 src tok/s; 1151 tgt tok/s;     66 s elapsed
[2021-01-23 18:45:51,552 INFO] Epoch  5,   400/ 1218; acc:  66.25; ppl:   4.18; xent:   1.43;  6337 src tok/s; 1041 tgt tok/s;     75 s elapsed
[2021-01-23 18:46:00,531 INFO] Epoch  5,   450/ 1218; acc:  66.27; ppl:   4.10; xent:   1.41;  6331 src tok/s; 1043 tgt tok/s;     84 s elapsed
[2021-01-23 18:46:09,863 INFO] Epoch  5,   500/ 1218; acc:  66.56; ppl:   4.06; xent:   1.40;  5889 src tok/s; 1015 tgt tok/s;     93 s elapsed
[2021-01-23 18:46:19,174 INFO] Epoch  5,   550/ 1218; acc:  67.23; ppl:   3.91; xent:   1.36;  6095 src tok/s; 1024 tgt tok/s;    102 s elapsed
[2021-01-23 18:46:28,075 INFO] Epoch  5,   600/ 1218; acc:  68.01; ppl:   3.62; xent:   1.29;  6102 src tok/s; 1030 tgt tok/s;    111 s elapsed
[2021-01-23 18:46:37,415 INFO] Epoch  5,   650/ 1218; acc:  66.73; ppl:   3.74; xent:   1.32;  5845 src tok/s; 999 tgt tok/s;    121 s elapsed
[2021-01-23 18:46:46,829 INFO] Epoch  5,   700/ 1218; acc:  67.69; ppl:   3.77; xent:   1.33;  6074 src tok/s; 990 tgt tok/s;    130 s elapsed
[2021-01-23 18:46:55,946 INFO] Epoch  5,   750/ 1218; acc:  68.07; ppl:   3.54; xent:   1.27;  5850 src tok/s; 1024 tgt tok/s;    139 s elapsed
[2021-01-23 18:47:05,305 INFO] Epoch  5,   800/ 1218; acc:  68.85; ppl:   3.43; xent:   1.23;  6208 src tok/s; 1001 tgt tok/s;    149 s elapsed
[2021-01-23 18:47:14,330 INFO] Epoch  5,   850/ 1218; acc:  69.82; ppl:   3.29; xent:   1.19;  6182 src tok/s; 1051 tgt tok/s;    158 s elapsed
[2021-01-23 18:47:23,389 INFO] Epoch  5,   900/ 1218; acc:  67.61; ppl:   3.63; xent:   1.29;  6082 src tok/s; 1004 tgt tok/s;    167 s elapsed
[2021-01-23 18:47:32,989 INFO] Epoch  5,   950/ 1218; acc:  69.43; ppl:   3.35; xent:   1.21;  5928 src tok/s; 994 tgt tok/s;    176 s elapsed
[2021-01-23 18:47:42,442 INFO] Epoch  5,  1000/ 1218; acc:  70.53; ppl:   3.21; xent:   1.17;  5870 src tok/s; 983 tgt tok/s;    186 s elapsed
[2021-01-23 18:47:51,672 INFO] Epoch  5,  1050/ 1218; acc:  70.67; ppl:   3.17; xent:   1.15;  6019 src tok/s; 1021 tgt tok/s;    195 s elapsed
[2021-01-23 18:47:59,710 INFO] Epoch  5,  1100/ 1218; acc:  70.75; ppl:   3.08; xent:   1.12;  6858 src tok/s; 1165 tgt tok/s;    203 s elapsed
[2021-01-23 18:48:07,744 INFO] Epoch  5,  1150/ 1218; acc:  71.36; ppl:   2.98; xent:   1.09;  7317 src tok/s; 1224 tgt tok/s;    211 s elapsed
[2021-01-23 18:48:15,180 INFO] Epoch  5,  1200/ 1218; acc:  71.00; ppl:   3.02; xent:   1.11;  7004 src tok/s; 1212 tgt tok/s;    218 s elapsed
[2021-01-23 18:48:18,136 INFO] Train perplexity: 3.86313
[2021-01-23 18:48:18,137 INFO] Train accuracy: 67.1806
[2021-01-23 18:48:20,455 INFO] Loading valid dataset from ../processed_data/incorpscore/Twitter_src35_conv100_tgt10_vs30000_notshare.valid.1.pt, number of examples: 9599
[2021-01-23 18:48:44,860 INFO] Validation perplexity: 31.2209
[2021-01-23 18:48:44,861 INFO] Validation accuracy: 52.8587
[2021-01-23 18:48:44,861 INFO] Decaying learning rate to 0.000125
Saving model into saved_models/incorpscore/Twitter_BiAttEncoder_0.001_400rnn_300emb_seed23bm25_notshare_acc_52.86_ppl_31.22_e5.pt
[2021-01-23 18:48:45,972 INFO] The current epoch: 6
[2021-01-23 18:49:17,503 INFO] Loading train dataset from ../processed_data/incorpscore/Twitter_src35_conv100_tgt10_vs30000_notshare.train.1.pt, number of examples: 77909
[2021-01-23 18:49:27,480 INFO] Epoch  6,    50/ 1218; acc:  64.67; ppl:   4.41; xent:   1.48;  5542 src tok/s; 938 tgt tok/s;     10 s elapsed
[2021-01-23 18:49:35,172 INFO] Epoch  6,   100/ 1218; acc:  64.45; ppl:   4.27; xent:   1.45;  7250 src tok/s; 1211 tgt tok/s;     18 s elapsed
[2021-01-23 18:49:42,945 INFO] Epoch  6,   150/ 1218; acc:  65.76; ppl:   4.11; xent:   1.41;  6434 src tok/s; 1240 tgt tok/s;     25 s elapsed
[2021-01-23 18:49:52,124 INFO] Epoch  6,   200/ 1218; acc:  65.11; ppl:   4.22; xent:   1.44;  6777 src tok/s; 1004 tgt tok/s;     35 s elapsed
[2021-01-23 18:50:01,302 INFO] Epoch  6,   250/ 1218; acc:  65.65; ppl:   4.08; xent:   1.41;  5964 src tok/s; 1055 tgt tok/s;     44 s elapsed
[2021-01-23 18:50:10,384 INFO] Epoch  6,   300/ 1218; acc:  66.03; ppl:   3.86; xent:   1.35;  6242 src tok/s; 1003 tgt tok/s;     53 s elapsed
[2021-01-23 18:50:19,806 INFO] Epoch  6,   350/ 1218; acc:  67.18; ppl:   3.81; xent:   1.34;  5943 src tok/s; 1010 tgt tok/s;     62 s elapsed
[2021-01-23 18:50:29,119 INFO] Epoch  6,   400/ 1218; acc:  67.84; ppl:   3.55; xent:   1.27;  6013 src tok/s; 988 tgt tok/s;     72 s elapsed
[2021-01-23 18:50:37,993 INFO] Epoch  6,   450/ 1218; acc:  68.94; ppl:   3.42; xent:   1.23;  6406 src tok/s; 1056 tgt tok/s;     80 s elapsed
[2021-01-23 18:50:47,208 INFO] Epoch  6,   500/ 1218; acc:  68.58; ppl:   3.42; xent:   1.23;  5965 src tok/s; 1028 tgt tok/s;     90 s elapsed
[2021-01-23 18:50:56,480 INFO] Epoch  6,   550/ 1218; acc:  69.19; ppl:   3.32; xent:   1.20;  6120 src tok/s; 1028 tgt tok/s;     99 s elapsed
[2021-01-23 18:51:05,821 INFO] Epoch  6,   600/ 1218; acc:  69.96; ppl:   3.07; xent:   1.12;  5814 src tok/s; 981 tgt tok/s;    108 s elapsed
[2021-01-23 18:51:15,152 INFO] Epoch  6,   650/ 1218; acc:  69.40; ppl:   3.19; xent:   1.16;  5850 src tok/s; 1000 tgt tok/s;    118 s elapsed
[2021-01-23 18:51:24,191 INFO] Epoch  6,   700/ 1218; acc:  69.80; ppl:   3.20; xent:   1.16;  6326 src tok/s; 1031 tgt tok/s;    127 s elapsed
[2021-01-23 18:51:33,188 INFO] Epoch  6,   750/ 1218; acc:  70.03; ppl:   3.03; xent:   1.11;  5929 src tok/s; 1038 tgt tok/s;    136 s elapsed
[2021-01-23 18:51:42,625 INFO] Epoch  6,   800/ 1218; acc:  71.56; ppl:   2.91; xent:   1.07;  6157 src tok/s; 993 tgt tok/s;    145 s elapsed
[2021-01-23 18:51:51,686 INFO] Epoch  6,   850/ 1218; acc:  72.25; ppl:   2.80; xent:   1.03;  6157 src tok/s; 1047 tgt tok/s;    154 s elapsed
[2021-01-23 18:52:00,043 INFO] Epoch  6,   900/ 1218; acc:  70.35; ppl:   3.06; xent:   1.12;  6593 src tok/s; 1089 tgt tok/s;    163 s elapsed
[2021-01-23 18:52:08,334 INFO] Epoch  6,   950/ 1218; acc:  71.75; ppl:   2.85; xent:   1.05;  6863 src tok/s; 1151 tgt tok/s;    171 s elapsed
[2021-01-23 18:52:16,708 INFO] Epoch  6,  1000/ 1218; acc:  72.39; ppl:   2.75; xent:   1.01;  6626 src tok/s; 1109 tgt tok/s;    179 s elapsed
[2021-01-23 18:52:25,836 INFO] Epoch  6,  1050/ 1218; acc:  73.39; ppl:   2.68; xent:   0.99;  6087 src tok/s; 1032 tgt tok/s;    188 s elapsed
[2021-01-23 18:52:34,936 INFO] Epoch  6,  1100/ 1218; acc:  74.16; ppl:   2.60; xent:   0.95;  6059 src tok/s; 1029 tgt tok/s;    197 s elapsed
[2021-01-23 18:52:42,421 INFO] Epoch  6,  1150/ 1218; acc:  74.58; ppl:   2.55; xent:   0.94;  7854 src tok/s; 1314 tgt tok/s;    205 s elapsed
[2021-01-23 18:52:49,591 INFO] Epoch  6,  1200/ 1218; acc:  73.59; ppl:   2.59; xent:   0.95;  7265 src tok/s; 1257 tgt tok/s;    212 s elapsed
[2021-01-23 18:52:52,163 INFO] Train perplexity: 3.26629
[2021-01-23 18:52:52,164 INFO] Train accuracy: 69.4706
[2021-01-23 18:53:01,135 INFO] Loading valid dataset from ../processed_data/incorpscore/Twitter_src35_conv100_tgt10_vs30000_notshare.valid.1.pt, number of examples: 9599
[2021-01-23 18:53:28,478 INFO] Validation perplexity: 31.8241
[2021-01-23 18:53:28,479 INFO] Validation accuracy: 52.9726
[2021-01-23 18:53:28,479 INFO] Decaying learning rate to 6.25e-05
Saving model into saved_models/incorpscore/Twitter_BiAttEncoder_0.001_400rnn_300emb_seed23bm25_notshare_acc_52.97_ppl_31.82_e6.pt
[2021-01-23 18:53:29,420 INFO] The current epoch: 7
[2021-01-23 18:53:56,524 INFO] Loading train dataset from ../processed_data/incorpscore/Twitter_src35_conv100_tgt10_vs30000_notshare.train.1.pt, number of examples: 77909
[2021-01-23 18:54:02,758 INFO] Epoch  7,    50/ 1218; acc:  65.84; ppl:   3.96; xent:   1.38;  8864 src tok/s; 1500 tgt tok/s;      6 s elapsed
[2021-01-23 18:54:08,131 INFO] Epoch  7,   100/ 1218; acc:  65.56; ppl:   3.88; xent:   1.36;  10372 src tok/s; 1733 tgt tok/s;     12 s elapsed
[2021-01-23 18:54:14,199 INFO] Epoch  7,   150/ 1218; acc:  66.66; ppl:   3.74; xent:   1.32;  8245 src tok/s; 1589 tgt tok/s;     18 s elapsed
[2021-01-23 18:54:20,181 INFO] Epoch  7,   200/ 1218; acc:  65.73; ppl:   3.87; xent:   1.35;  10398 src tok/s; 1541 tgt tok/s;     24 s elapsed
[2021-01-23 18:54:25,313 INFO] Epoch  7,   250/ 1218; acc:  66.38; ppl:   3.78; xent:   1.33;  10664 src tok/s; 1887 tgt tok/s;     29 s elapsed
[2021-01-23 18:54:30,978 INFO] Epoch  7,   300/ 1218; acc:  67.42; ppl:   3.55; xent:   1.27;  10008 src tok/s; 1608 tgt tok/s;     34 s elapsed
[2021-01-23 18:54:35,970 INFO] Epoch  7,   350/ 1218; acc:  68.29; ppl:   3.48; xent:   1.25;  11217 src tok/s; 1907 tgt tok/s;     39 s elapsed
[2021-01-23 18:54:42,084 INFO] Epoch  7,   400/ 1218; acc:  68.64; ppl:   3.26; xent:   1.18;  9159 src tok/s; 1505 tgt tok/s;     46 s elapsed
[2021-01-23 18:54:46,747 INFO] Epoch  7,   450/ 1218; acc:  69.33; ppl:   3.14; xent:   1.14;  12191 src tok/s; 2009 tgt tok/s;     50 s elapsed
[2021-01-23 18:54:51,890 INFO] Epoch  7,   500/ 1218; acc:  69.54; ppl:   3.19; xent:   1.16;  10690 src tok/s; 1843 tgt tok/s;     55 s elapsed
[2021-01-23 18:54:58,221 INFO] Epoch  7,   550/ 1218; acc:  70.20; ppl:   3.07; xent:   1.12;  8964 src tok/s; 1506 tgt tok/s;     62 s elapsed
[2021-01-23 18:55:04,172 INFO] Epoch  7,   600/ 1218; acc:  71.05; ppl:   2.86; xent:   1.05;  9130 src tok/s; 1540 tgt tok/s;     68 s elapsed
[2021-01-23 18:55:09,012 INFO] Epoch  7,   650/ 1218; acc:  70.62; ppl:   2.90; xent:   1.07;  11278 src tok/s; 1929 tgt tok/s;     72 s elapsed
[2021-01-23 18:55:13,917 INFO] Epoch  7,   700/ 1218; acc:  71.30; ppl:   2.91; xent:   1.07;  11660 src tok/s; 1901 tgt tok/s;     77 s elapsed
[2021-01-23 18:55:19,915 INFO] Epoch  7,   750/ 1218; acc:  71.76; ppl:   2.78; xent:   1.02;  8894 src tok/s; 1557 tgt tok/s;     83 s elapsed
[2021-01-23 18:55:25,322 INFO] Epoch  7,   800/ 1218; acc:  72.54; ppl:   2.66; xent:   0.98;  10745 src tok/s; 1733 tgt tok/s;     89 s elapsed
[2021-01-23 18:55:30,837 INFO] Epoch  7,   850/ 1218; acc:  73.78; ppl:   2.57; xent:   0.95;  10123 src tok/s; 1721 tgt tok/s;     94 s elapsed
[2021-01-23 18:55:37,989 INFO] Epoch  7,   900/ 1218; acc:  72.36; ppl:   2.78; xent:   1.02;  7704 src tok/s; 1272 tgt tok/s;    101 s elapsed
[2021-01-23 18:55:45,075 INFO] Epoch  7,   950/ 1218; acc:  73.71; ppl:   2.62; xent:   0.96;  8032 src tok/s; 1347 tgt tok/s;    109 s elapsed
[2021-01-23 18:55:50,560 INFO] Epoch  7,  1000/ 1218; acc:  73.68; ppl:   2.55; xent:   0.94;  10124 src tok/s; 1695 tgt tok/s;    114 s elapsed
[2021-01-23 18:55:56,081 INFO] Epoch  7,  1050/ 1218; acc:  74.75; ppl:   2.48; xent:   0.91;  10067 src tok/s; 1707 tgt tok/s;    120 s elapsed
[2021-01-23 18:56:02,129 INFO] Epoch  7,  1100/ 1218; acc:  75.89; ppl:   2.40; xent:   0.87;  9114 src tok/s; 1548 tgt tok/s;    126 s elapsed
[2021-01-23 18:56:08,260 INFO] Epoch  7,  1150/ 1218; acc:  75.68; ppl:   2.36; xent:   0.86;  9598 src tok/s; 1606 tgt tok/s;    132 s elapsed
[2021-01-23 18:56:13,310 INFO] Epoch  7,  1200/ 1218; acc:  75.00; ppl:   2.39; xent:   0.87;  10315 src tok/s; 1785 tgt tok/s;    137 s elapsed
[2021-01-23 18:56:15,151 INFO] Train perplexity: 3.0004
[2021-01-23 18:56:15,151 INFO] Train accuracy: 70.6793
[2021-01-23 18:56:16,392 INFO] Loading valid dataset from ../processed_data/incorpscore/Twitter_src35_conv100_tgt10_vs30000_notshare.valid.1.pt, number of examples: 9599
[2021-01-23 18:56:44,597 INFO] Validation perplexity: 32.1087
[2021-01-23 18:56:44,598 INFO] Validation accuracy: 52.9121
[2021-01-23 18:56:44,598 INFO] Decaying learning rate to 3.125e-05
Saving model into saved_models/incorpscore/Twitter_BiAttEncoder_0.001_400rnn_300emb_seed23bm25_notshare_acc_52.91_ppl_32.11_e7.pt
[2021-01-23 18:56:45,760 INFO] The current epoch: 8
[2021-01-23 18:57:22,260 INFO] Loading train dataset from ../processed_data/incorpscore/Twitter_src35_conv100_tgt10_vs30000_notshare.train.1.pt, number of examples: 77909
[2021-01-23 18:57:34,496 INFO] Epoch  8,    50/ 1218; acc:  66.26; ppl:   3.68; xent:   1.30;  4516 src tok/s; 764 tgt tok/s;     12 s elapsed
[2021-01-23 18:57:44,212 INFO] Epoch  8,   100/ 1218; acc:  66.45; ppl:   3.67; xent:   1.30;  5736 src tok/s; 958 tgt tok/s;     22 s elapsed
[2021-01-23 18:57:54,209 INFO] Epoch  8,   150/ 1218; acc:  67.61; ppl:   3.55; xent:   1.27;  5002 src tok/s; 964 tgt tok/s;     32 s elapsed
[2021-01-23 18:58:03,851 INFO] Epoch  8,   200/ 1218; acc:  66.25; ppl:   3.69; xent:   1.30;  6452 src tok/s; 956 tgt tok/s;     42 s elapsed
[2021-01-23 18:58:10,828 INFO] Epoch  8,   250/ 1218; acc:  67.02; ppl:   3.61; xent:   1.28;  7844 src tok/s; 1388 tgt tok/s;     49 s elapsed
[2021-01-23 18:58:18,367 INFO] Epoch  8,   300/ 1218; acc:  67.59; ppl:   3.37; xent:   1.22;  7520 src tok/s; 1208 tgt tok/s;     56 s elapsed
[2021-01-23 18:58:26,126 INFO] Epoch  8,   350/ 1218; acc:  68.99; ppl:   3.31; xent:   1.20;  7217 src tok/s; 1227 tgt tok/s;     64 s elapsed
[2021-01-23 18:58:33,716 INFO] Epoch  8,   400/ 1218; acc:  69.16; ppl:   3.13; xent:   1.14;  7378 src tok/s; 1212 tgt tok/s;     71 s elapsed
[2021-01-23 18:58:41,275 INFO] Epoch  8,   450/ 1218; acc:  69.82; ppl:   3.02; xent:   1.10;  7521 src tok/s; 1239 tgt tok/s;     79 s elapsed
[2021-01-23 18:58:48,537 INFO] Epoch  8,   500/ 1218; acc:  69.77; ppl:   3.06; xent:   1.12;  7567 src tok/s; 1304 tgt tok/s;     86 s elapsed
[2021-01-23 18:58:55,935 INFO] Epoch  8,   550/ 1218; acc:  70.85; ppl:   2.93; xent:   1.08;  7672 src tok/s; 1289 tgt tok/s;     94 s elapsed
[2021-01-23 18:59:03,369 INFO] Epoch  8,   600/ 1218; acc:  71.66; ppl:   2.73; xent:   1.00;  7305 src tok/s; 1232 tgt tok/s;    101 s elapsed
[2021-01-23 18:59:09,816 INFO] Epoch  8,   650/ 1218; acc:  71.03; ppl:   2.82; xent:   1.03;  8467 src tok/s; 1448 tgt tok/s;    108 s elapsed
[2021-01-23 18:59:16,619 INFO] Epoch  8,   700/ 1218; acc:  72.22; ppl:   2.77; xent:   1.02;  8406 src tok/s; 1371 tgt tok/s;    114 s elapsed
[2021-01-23 18:59:21,461 INFO] Epoch  8,   750/ 1218; acc:  72.26; ppl:   2.68; xent:   0.98;  11019 src tok/s; 1929 tgt tok/s;    119 s elapsed
[2021-01-23 18:59:26,310 INFO] Epoch  8,   800/ 1218; acc:  73.31; ppl:   2.53; xent:   0.93;  11981 src tok/s; 1932 tgt tok/s;    124 s elapsed
[2021-01-23 18:59:33,892 INFO] Epoch  8,   850/ 1218; acc:  74.67; ppl:   2.45; xent:   0.90;  7359 src tok/s; 1251 tgt tok/s;    132 s elapsed
[2021-01-23 18:59:40,512 INFO] Epoch  8,   900/ 1218; acc:  73.09; ppl:   2.64; xent:   0.97;  8324 src tok/s; 1375 tgt tok/s;    138 s elapsed
[2021-01-23 18:59:47,881 INFO] Epoch  8,   950/ 1218; acc:  74.57; ppl:   2.48; xent:   0.91;  7722 src tok/s; 1295 tgt tok/s;    146 s elapsed
[2021-01-23 18:59:54,405 INFO] Epoch  8,  1000/ 1218; acc:  74.82; ppl:   2.41; xent:   0.88;  8508 src tok/s; 1424 tgt tok/s;    152 s elapsed
[2021-01-23 19:00:01,549 INFO] Epoch  8,  1050/ 1218; acc:  76.03; ppl:   2.36; xent:   0.86;  7777 src tok/s; 1319 tgt tok/s;    159 s elapsed
[2021-01-23 19:00:06,771 INFO] Epoch  8,  1100/ 1218; acc:  76.57; ppl:   2.29; xent:   0.83;  10556 src tok/s; 1793 tgt tok/s;    165 s elapsed
[2021-01-23 19:00:12,668 INFO] Epoch  8,  1150/ 1218; acc:  77.11; ppl:   2.26; xent:   0.82;  9969 src tok/s; 1668 tgt tok/s;    170 s elapsed
[2021-01-23 19:00:19,581 INFO] Epoch  8,  1200/ 1218; acc:  76.29; ppl:   2.31; xent:   0.84;  7536 src tok/s; 1304 tgt tok/s;    177 s elapsed
[2021-01-23 19:00:22,174 INFO] Train perplexity: 2.8616
[2021-01-23 19:00:22,175 INFO] Train accuracy: 71.4261
[2021-01-23 19:00:24,079 INFO] Loading valid dataset from ../processed_data/incorpscore/Twitter_src35_conv100_tgt10_vs30000_notshare.valid.1.pt, number of examples: 9599
[2021-01-23 19:00:40,205 INFO] Validation perplexity: 32.0717
[2021-01-23 19:00:40,205 INFO] Validation accuracy: 53.026
[2021-01-23 19:00:40,208 INFO] Decaying learning rate to 1.5625e-05
Saving model into saved_models/incorpscore/Twitter_BiAttEncoder_0.001_400rnn_300emb_seed23bm25_notshare_acc_53.03_ppl_32.07_e8.pt
[2021-01-23 19:00:40,843 INFO] The current epoch: 9
[2021-01-23 19:01:05,303 INFO] Loading train dataset from ../processed_data/incorpscore/Twitter_src35_conv100_tgt10_vs30000_notshare.train.1.pt, number of examples: 77909
[2021-01-23 19:01:14,442 INFO] Epoch  9,    50/ 1218; acc:  66.51; ppl:   3.57; xent:   1.27;  6049 src tok/s; 1024 tgt tok/s;      9 s elapsed
[2021-01-23 19:01:21,724 INFO] Epoch  9,   100/ 1218; acc:  66.30; ppl:   3.56; xent:   1.27;  7654 src tok/s; 1279 tgt tok/s;     16 s elapsed
[2021-01-23 19:01:28,732 INFO] Epoch  9,   150/ 1218; acc:  67.80; ppl:   3.43; xent:   1.23;  7137 src tok/s; 1375 tgt tok/s;     23 s elapsed
[2021-01-23 19:01:35,952 INFO] Epoch  9,   200/ 1218; acc:  66.56; ppl:   3.57; xent:   1.27;  8616 src tok/s; 1277 tgt tok/s;     31 s elapsed
[2021-01-23 19:01:43,112 INFO] Epoch  9,   250/ 1218; acc:  67.27; ppl:   3.47; xent:   1.25;  7644 src tok/s; 1353 tgt tok/s;     38 s elapsed
[2021-01-23 19:01:50,036 INFO] Epoch  9,   300/ 1218; acc:  67.85; ppl:   3.27; xent:   1.18;  8189 src tok/s; 1316 tgt tok/s;     45 s elapsed
[2021-01-23 19:01:56,983 INFO] Epoch  9,   350/ 1218; acc:  69.59; ppl:   3.18; xent:   1.16;  8061 src tok/s; 1371 tgt tok/s;     52 s elapsed
[2021-01-23 19:02:03,982 INFO] Epoch  9,   400/ 1218; acc:  69.27; ppl:   3.03; xent:   1.11;  8000 src tok/s; 1315 tgt tok/s;     59 s elapsed
[2021-01-23 19:02:11,103 INFO] Epoch  9,   450/ 1218; acc:  70.53; ppl:   2.93; xent:   1.08;  7983 src tok/s; 1315 tgt tok/s;     66 s elapsed
[2021-01-23 19:02:17,744 INFO] Epoch  9,   500/ 1218; acc:  70.20; ppl:   2.96; xent:   1.09;  8275 src tok/s; 1426 tgt tok/s;     72 s elapsed
[2021-01-23 19:02:23,751 INFO] Epoch  9,   550/ 1218; acc:  71.21; ppl:   2.84; xent:   1.04;  9448 src tok/s; 1588 tgt tok/s;     78 s elapsed
[2021-01-23 19:02:29,189 INFO] Epoch  9,   600/ 1218; acc:  72.01; ppl:   2.68; xent:   0.98;  9986 src tok/s; 1685 tgt tok/s;     84 s elapsed
[2021-01-23 19:02:35,202 INFO] Epoch  9,   650/ 1218; acc:  71.52; ppl:   2.75; xent:   1.01;  9081 src tok/s; 1553 tgt tok/s;     90 s elapsed
[2021-01-23 19:02:41,111 INFO] Epoch  9,   700/ 1218; acc:  72.53; ppl:   2.73; xent:   1.00;  9677 src tok/s; 1578 tgt tok/s;     96 s elapsed
[2021-01-23 19:02:47,365 INFO] Epoch  9,   750/ 1218; acc:  72.69; ppl:   2.60; xent:   0.96;  8529 src tok/s; 1493 tgt tok/s;    102 s elapsed
[2021-01-23 19:02:53,622 INFO] Epoch  9,   800/ 1218; acc:  73.71; ppl:   2.50; xent:   0.91;  9284 src tok/s; 1497 tgt tok/s;    108 s elapsed
[2021-01-23 19:02:58,597 INFO] Epoch  9,   850/ 1218; acc:  74.68; ppl:   2.40; xent:   0.88;  11215 src tok/s; 1907 tgt tok/s;    113 s elapsed
[2021-01-23 19:03:04,414 INFO] Epoch  9,   900/ 1218; acc:  73.57; ppl:   2.58; xent:   0.95;  9472 src tok/s; 1564 tgt tok/s;    119 s elapsed
[2021-01-23 19:03:10,600 INFO] Epoch  9,   950/ 1218; acc:  75.66; ppl:   2.40; xent:   0.87;  9197 src tok/s; 1543 tgt tok/s;    125 s elapsed
[2021-01-23 19:03:16,273 INFO] Epoch  9,  1000/ 1218; acc:  75.62; ppl:   2.35; xent:   0.85;  9782 src tok/s; 1637 tgt tok/s;    131 s elapsed
[2021-01-23 19:03:20,998 INFO] Epoch  9,  1050/ 1218; acc:  76.68; ppl:   2.31; xent:   0.84;  11762 src tok/s; 1995 tgt tok/s;    136 s elapsed
[2021-01-23 19:03:25,761 INFO] Epoch  9,  1100/ 1218; acc:  77.89; ppl:   2.22; xent:   0.80;  11573 src tok/s; 1966 tgt tok/s;    140 s elapsed
[2021-01-23 19:03:30,641 INFO] Epoch  9,  1150/ 1218; acc:  77.67; ppl:   2.20; xent:   0.79;  12046 src tok/s; 2016 tgt tok/s;    145 s elapsed
[2021-01-23 19:03:35,522 INFO] Epoch  9,  1200/ 1218; acc:  76.73; ppl:   2.26; xent:   0.82;  10673 src tok/s; 1847 tgt tok/s;    150 s elapsed
[2021-01-23 19:03:37,812 INFO] Train perplexity: 2.78347
[2021-01-23 19:03:37,813 INFO] Train accuracy: 71.8561
[2021-01-23 19:03:39,168 INFO] Loading valid dataset from ../processed_data/incorpscore/Twitter_src35_conv100_tgt10_vs30000_notshare.valid.1.pt, number of examples: 9599
[2021-01-23 19:03:52,879 INFO] Validation perplexity: 32.0567
[2021-01-23 19:03:52,879 INFO] Validation accuracy: 52.9833
[2021-01-23 19:03:52,879 INFO] Decaying learning rate to 7.8125e-06
Saving model into saved_models/incorpscore/Twitter_BiAttEncoder_0.001_400rnn_300emb_seed23bm25_notshare_acc_52.98_ppl_32.06_e9.pt
[2021-01-23 19:03:53,505 INFO] The current epoch: 10
[2021-01-23 19:04:17,772 INFO] Loading train dataset from ../processed_data/incorpscore/Twitter_src35_conv100_tgt10_vs30000_notshare.train.1.pt, number of examples: 77909
[2021-01-23 19:04:25,464 INFO] Epoch 10,    50/ 1218; acc:  66.65; ppl:   3.51; xent:   1.25;  7183 src tok/s; 1216 tgt tok/s;      8 s elapsed
[2021-01-23 19:04:31,509 INFO] Epoch 10,   100/ 1218; acc:  66.79; ppl:   3.50; xent:   1.25;  9221 src tok/s; 1541 tgt tok/s;     14 s elapsed
[2021-01-23 19:04:36,827 INFO] Epoch 10,   150/ 1218; acc:  68.10; ppl:   3.37; xent:   1.22;  9405 src tok/s; 1812 tgt tok/s;     19 s elapsed
[2021-01-23 19:04:44,714 INFO] Epoch 10,   200/ 1218; acc:  67.04; ppl:   3.50; xent:   1.25;  7887 src tok/s; 1169 tgt tok/s;     27 s elapsed
[2021-01-23 19:04:51,135 INFO] Epoch 10,   250/ 1218; acc:  67.63; ppl:   3.41; xent:   1.23;  8527 src tok/s; 1509 tgt tok/s;     33 s elapsed
[2021-01-23 19:04:57,071 INFO] Epoch 10,   300/ 1218; acc:  68.31; ppl:   3.19; xent:   1.16;  9550 src tok/s; 1534 tgt tok/s;     39 s elapsed
[2021-01-23 19:05:04,072 INFO] Epoch 10,   350/ 1218; acc:  69.98; ppl:   3.13; xent:   1.14;  7998 src tok/s; 1360 tgt tok/s;     46 s elapsed
[2021-01-23 19:05:10,595 INFO] Epoch 10,   400/ 1218; acc:  69.48; ppl:   2.99; xent:   1.10;  8588 src tok/s; 1411 tgt tok/s;     53 s elapsed
[2021-01-23 19:05:17,043 INFO] Epoch 10,   450/ 1218; acc:  70.61; ppl:   2.87; xent:   1.06;  8815 src tok/s; 1453 tgt tok/s;     59 s elapsed
[2021-01-23 19:05:23,215 INFO] Epoch 10,   500/ 1218; acc:  70.64; ppl:   2.89; xent:   1.06;  8906 src tok/s; 1535 tgt tok/s;     65 s elapsed
[2021-01-23 19:05:29,401 INFO] Epoch 10,   550/ 1218; acc:  71.63; ppl:   2.79; xent:   1.03;  9175 src tok/s; 1542 tgt tok/s;     72 s elapsed
[2021-01-23 19:05:35,838 INFO] Epoch 10,   600/ 1218; acc:  72.35; ppl:   2.62; xent:   0.96;  8437 src tok/s; 1423 tgt tok/s;     78 s elapsed
[2021-01-23 19:05:42,170 INFO] Epoch 10,   650/ 1218; acc:  71.53; ppl:   2.69; xent:   0.99;  8620 src tok/s; 1474 tgt tok/s;     84 s elapsed
[2021-01-23 19:05:48,873 INFO] Epoch 10,   700/ 1218; acc:  72.96; ppl:   2.66; xent:   0.98;  8531 src tok/s; 1391 tgt tok/s;     91 s elapsed
[2021-01-23 19:05:55,059 INFO] Epoch 10,   750/ 1218; acc:  72.93; ppl:   2.57; xent:   0.95;  8623 src tok/s; 1510 tgt tok/s;     97 s elapsed
[2021-01-23 19:06:01,476 INFO] Epoch 10,   800/ 1218; acc:  74.15; ppl:   2.45; xent:   0.90;  9054 src tok/s; 1460 tgt tok/s;    104 s elapsed
[2021-01-23 19:06:08,075 INFO] Epoch 10,   850/ 1218; acc:  75.60; ppl:   2.37; xent:   0.86;  8454 src tok/s; 1437 tgt tok/s;    110 s elapsed
[2021-01-23 19:06:14,552 INFO] Epoch 10,   900/ 1218; acc:  73.72; ppl:   2.54; xent:   0.93;  8507 src tok/s; 1405 tgt tok/s;    117 s elapsed
[2021-01-23 19:06:21,003 INFO] Epoch 10,   950/ 1218; acc:  75.45; ppl:   2.38; xent:   0.87;  8821 src tok/s; 1480 tgt tok/s;    123 s elapsed
[2021-01-23 19:06:27,278 INFO] Epoch 10,  1000/ 1218; acc:  75.95; ppl:   2.31; xent:   0.84;  8843 src tok/s; 1480 tgt tok/s;    130 s elapsed
[2021-01-23 19:06:33,273 INFO] Epoch 10,  1050/ 1218; acc:  76.52; ppl:   2.28; xent:   0.82;  9271 src tok/s; 1572 tgt tok/s;    135 s elapsed
[2021-01-23 19:06:39,700 INFO] Epoch 10,  1100/ 1218; acc:  77.64; ppl:   2.21; xent:   0.79;  8577 src tok/s; 1457 tgt tok/s;    142 s elapsed
[2021-01-23 19:06:46,607 INFO] Epoch 10,  1150/ 1218; acc:  77.78; ppl:   2.18; xent:   0.78;  8513 src tok/s; 1424 tgt tok/s;    149 s elapsed
[2021-01-23 19:06:52,660 INFO] Epoch 10,  1200/ 1218; acc:  77.19; ppl:   2.23; xent:   0.80;  8607 src tok/s; 1489 tgt tok/s;    155 s elapsed
[2021-01-23 19:06:55,002 INFO] Train perplexity: 2.73704
[2021-01-23 19:06:55,003 INFO] Train accuracy: 72.1445
[2021-01-23 19:06:56,430 INFO] Loading valid dataset from ../processed_data/incorpscore/Twitter_src35_conv100_tgt10_vs30000_notshare.valid.1.pt, number of examples: 9599
[2021-01-23 19:07:11,193 INFO] Validation perplexity: 32.0579
[2021-01-23 19:07:11,194 INFO] Validation accuracy: 52.9868
[2021-01-23 19:07:11,195 INFO] Decaying learning rate to 3.90625e-06
Saving model into saved_models/incorpscore/Twitter_BiAttEncoder_0.001_400rnn_300emb_seed23bm25_notshare_acc_52.99_ppl_32.06_e10.pt
[2021-01-23 19:07:12,022 INFO] The current epoch: 11
[2021-01-23 19:07:32,676 INFO] Loading train dataset from ../processed_data/incorpscore/Twitter_src35_conv100_tgt10_vs30000_notshare.train.1.pt, number of examples: 77909
[2021-01-23 19:07:40,438 INFO] Epoch 11,    50/ 1218; acc:  66.99; ppl:   3.46; xent:   1.24;  7118 src tok/s; 1205 tgt tok/s;      8 s elapsed
[2021-01-23 19:07:46,718 INFO] Epoch 11,   100/ 1218; acc:  66.79; ppl:   3.44; xent:   1.24;  8877 src tok/s; 1483 tgt tok/s;     14 s elapsed
[2021-01-23 19:07:53,005 INFO] Epoch 11,   150/ 1218; acc:  68.00; ppl:   3.34; xent:   1.21;  7955 src tok/s; 1533 tgt tok/s;     20 s elapsed
[2021-01-23 19:07:59,235 INFO] Epoch 11,   200/ 1218; acc:  66.96; ppl:   3.45; xent:   1.24;  9984 src tok/s; 1479 tgt tok/s;     27 s elapsed
[2021-01-23 19:08:05,269 INFO] Epoch 11,   250/ 1218; acc:  67.74; ppl:   3.37; xent:   1.21;  9072 src tok/s; 1605 tgt tok/s;     33 s elapsed
[2021-01-23 19:08:11,947 INFO] Epoch 11,   300/ 1218; acc:  68.90; ppl:   3.15; xent:   1.15;  8489 src tok/s; 1364 tgt tok/s;     39 s elapsed
[2021-01-23 19:08:18,514 INFO] Epoch 11,   350/ 1218; acc:  69.92; ppl:   3.10; xent:   1.13;  8527 src tok/s; 1450 tgt tok/s;     46 s elapsed
[2021-01-23 19:08:25,016 INFO] Epoch 11,   400/ 1218; acc:  69.64; ppl:   2.97; xent:   1.09;  8613 src tok/s; 1415 tgt tok/s;     52 s elapsed
[2021-01-23 19:08:31,600 INFO] Epoch 11,   450/ 1218; acc:  70.73; ppl:   2.86; xent:   1.05;  8634 src tok/s; 1423 tgt tok/s;     59 s elapsed
[2021-01-23 19:08:38,177 INFO] Epoch 11,   500/ 1218; acc:  70.63; ppl:   2.89; xent:   1.06;  8357 src tok/s; 1441 tgt tok/s;     65 s elapsed
[2021-01-23 19:08:47,708 INFO] Epoch 11,   550/ 1218; acc:  72.03; ppl:   2.75; xent:   1.01;  5954 src tok/s; 1001 tgt tok/s;     75 s elapsed
[2021-01-23 19:08:58,003 INFO] Epoch 11,   600/ 1218; acc:  72.64; ppl:   2.58; xent:   0.95;  5275 src tok/s; 890 tgt tok/s;     85 s elapsed
[2021-01-23 19:09:05,683 INFO] Epoch 11,   650/ 1218; acc:  72.22; ppl:   2.67; xent:   0.98;  7109 src tok/s; 1216 tgt tok/s;     93 s elapsed
[2021-01-23 19:09:13,464 INFO] Epoch 11,   700/ 1218; acc:  73.28; ppl:   2.64; xent:   0.97;  7348 src tok/s; 1198 tgt tok/s;    101 s elapsed
[2021-01-23 19:09:20,914 INFO] Epoch 11,   750/ 1218; acc:  73.12; ppl:   2.54; xent:   0.93;  7161 src tok/s; 1254 tgt tok/s;    108 s elapsed
[2021-01-23 19:09:28,512 INFO] Epoch 11,   800/ 1218; acc:  74.65; ppl:   2.41; xent:   0.88;  7646 src tok/s; 1233 tgt tok/s;    116 s elapsed
[2021-01-23 19:09:36,275 INFO] Epoch 11,   850/ 1218; acc:  75.52; ppl:   2.35; xent:   0.86;  7187 src tok/s; 1222 tgt tok/s;    124 s elapsed
[2021-01-23 19:09:43,865 INFO] Epoch 11,   900/ 1218; acc:  73.86; ppl:   2.52; xent:   0.92;  7259 src tok/s; 1199 tgt tok/s;    131 s elapsed
[2021-01-23 19:09:51,678 INFO] Epoch 11,   950/ 1218; acc:  76.29; ppl:   2.35; xent:   0.85;  7285 src tok/s; 1222 tgt tok/s;    139 s elapsed
[2021-01-23 19:09:58,438 INFO] Epoch 11,  1000/ 1218; acc:  76.57; ppl:   2.28; xent:   0.83;  8210 src tok/s; 1374 tgt tok/s;    146 s elapsed
[2021-01-23 19:10:05,060 INFO] Epoch 11,  1050/ 1218; acc:  77.07; ppl:   2.24; xent:   0.81;  8391 src tok/s; 1423 tgt tok/s;    152 s elapsed
[2021-01-23 19:10:14,304 INFO] Epoch 11,  1100/ 1218; acc:  78.13; ppl:   2.19; xent:   0.78;  5962 src tok/s; 1013 tgt tok/s;    162 s elapsed
[2021-01-23 19:10:22,014 INFO] Epoch 11,  1150/ 1218; acc:  78.03; ppl:   2.17; xent:   0.77;  7628 src tok/s; 1276 tgt tok/s;    169 s elapsed
[2021-01-23 19:10:28,999 INFO] Epoch 11,  1200/ 1218; acc:  77.13; ppl:   2.22; xent:   0.80;  7457 src tok/s; 1291 tgt tok/s;    176 s elapsed
[2021-01-23 19:10:31,726 INFO] Train perplexity: 2.70889
[2021-01-23 19:10:31,727 INFO] Train accuracy: 72.3965
[2021-01-23 19:10:33,774 INFO] Loading valid dataset from ../processed_data/incorpscore/Twitter_src35_conv100_tgt10_vs30000_notshare.valid.1.pt, number of examples: 9599
[2021-01-23 19:10:52,376 INFO] Validation perplexity: 32.0651
[2021-01-23 19:10:52,376 INFO] Validation accuracy: 52.9583
[2021-01-23 19:10:52,376 INFO] Decaying learning rate to 1.95313e-06
Saving model into saved_models/incorpscore/Twitter_BiAttEncoder_0.001_400rnn_300emb_seed23bm25_notshare_acc_52.96_ppl_32.07_e11.pt
[2021-01-23 19:10:53,061 INFO] The current epoch: 12
[2021-01-23 19:11:19,682 INFO] Loading train dataset from ../processed_data/incorpscore/Twitter_src35_conv100_tgt10_vs30000_notshare.train.1.pt, number of examples: 77909
[2021-01-23 19:11:29,848 INFO] Epoch 12,    50/ 1218; acc:  66.74; ppl:   3.45; xent:   1.24;  5434 src tok/s; 920 tgt tok/s;     10 s elapsed
[2021-01-23 19:11:37,432 INFO] Epoch 12,   100/ 1218; acc:  67.15; ppl:   3.41; xent:   1.23;  7349 src tok/s; 1228 tgt tok/s;     18 s elapsed
[2021-01-23 19:11:45,357 INFO] Epoch 12,   150/ 1218; acc:  68.35; ppl:   3.32; xent:   1.20;  6311 src tok/s; 1216 tgt tok/s;     26 s elapsed
[2021-01-23 19:11:53,563 INFO] Epoch 12,   200/ 1218; acc:  67.43; ppl:   3.43; xent:   1.23;  7579 src tok/s; 1123 tgt tok/s;     34 s elapsed
[2021-01-23 19:12:01,738 INFO] Epoch 12,   250/ 1218; acc:  67.49; ppl:   3.36; xent:   1.21;  6695 src tok/s; 1185 tgt tok/s;     42 s elapsed
[2021-01-23 19:12:09,744 INFO] Epoch 12,   300/ 1218; acc:  68.52; ppl:   3.13; xent:   1.14;  7081 src tok/s; 1138 tgt tok/s;     50 s elapsed
[2021-01-23 19:12:17,770 INFO] Epoch 12,   350/ 1218; acc:  69.84; ppl:   3.08; xent:   1.12;  6976 src tok/s; 1186 tgt tok/s;     58 s elapsed
[2021-01-23 19:12:25,936 INFO] Epoch 12,   400/ 1218; acc:  70.11; ppl:   2.96; xent:   1.08;  6858 src tok/s; 1127 tgt tok/s;     66 s elapsed
[2021-01-23 19:12:34,039 INFO] Epoch 12,   450/ 1218; acc:  71.13; ppl:   2.84; xent:   1.04;  7016 src tok/s; 1156 tgt tok/s;     74 s elapsed
[2021-01-23 19:12:42,251 INFO] Epoch 12,   500/ 1218; acc:  71.04; ppl:   2.86; xent:   1.05;  6692 src tok/s; 1154 tgt tok/s;     83 s elapsed
[2021-01-23 19:12:50,462 INFO] Epoch 12,   550/ 1218; acc:  71.69; ppl:   2.76; xent:   1.02;  6911 src tok/s; 1161 tgt tok/s;     91 s elapsed
[2021-01-23 19:12:58,453 INFO] Epoch 12,   600/ 1218; acc:  72.60; ppl:   2.58; xent:   0.95;  6796 src tok/s; 1147 tgt tok/s;     99 s elapsed
[2021-01-23 19:13:06,464 INFO] Epoch 12,   650/ 1218; acc:  71.77; ppl:   2.66; xent:   0.98;  6815 src tok/s; 1165 tgt tok/s;    107 s elapsed
[2021-01-23 19:13:14,247 INFO] Epoch 12,   700/ 1218; acc:  72.67; ppl:   2.62; xent:   0.96;  7347 src tok/s; 1198 tgt tok/s;    115 s elapsed
[2021-01-23 19:13:22,263 INFO] Epoch 12,   750/ 1218; acc:  73.73; ppl:   2.52; xent:   0.92;  6654 src tok/s; 1165 tgt tok/s;    123 s elapsed
[2021-01-23 19:13:30,211 INFO] Epoch 12,   800/ 1218; acc:  74.48; ppl:   2.41; xent:   0.88;  7310 src tok/s; 1179 tgt tok/s;    131 s elapsed
[2021-01-23 19:13:38,187 INFO] Epoch 12,   850/ 1218; acc:  75.50; ppl:   2.33; xent:   0.85;  6995 src tok/s; 1189 tgt tok/s;    139 s elapsed
[2021-01-23 19:13:46,114 INFO] Epoch 12,   900/ 1218; acc:  74.51; ppl:   2.50; xent:   0.91;  6950 src tok/s; 1148 tgt tok/s;    146 s elapsed
[2021-01-23 19:13:54,024 INFO] Epoch 12,   950/ 1218; acc:  76.31; ppl:   2.34; xent:   0.85;  7193 src tok/s; 1207 tgt tok/s;    154 s elapsed
[2021-01-23 19:14:01,678 INFO] Epoch 12,  1000/ 1218; acc:  76.65; ppl:   2.29; xent:   0.83;  7250 src tok/s; 1214 tgt tok/s;    162 s elapsed
[2021-01-23 19:14:09,396 INFO] Epoch 12,  1050/ 1218; acc:  76.95; ppl:   2.25; xent:   0.81;  7198 src tok/s; 1221 tgt tok/s;    170 s elapsed
[2021-01-23 19:14:17,466 INFO] Epoch 12,  1100/ 1218; acc:  78.21; ppl:   2.18; xent:   0.78;  6831 src tok/s; 1160 tgt tok/s;    178 s elapsed
[2021-01-23 19:14:25,657 INFO] Epoch 12,  1150/ 1218; acc:  78.08; ppl:   2.15; xent:   0.76;  7178 src tok/s; 1201 tgt tok/s;    186 s elapsed
[2021-01-23 19:14:33,439 INFO] Epoch 12,  1200/ 1218; acc:  77.64; ppl:   2.22; xent:   0.80;  6694 src tok/s; 1158 tgt tok/s;    194 s elapsed
[2021-01-23 19:14:36,498 INFO] Train perplexity: 2.69718
[2021-01-23 19:14:36,499 INFO] Train accuracy: 72.4692
[2021-01-23 19:14:38,792 INFO] Loading valid dataset from ../processed_data/incorpscore/Twitter_src35_conv100_tgt10_vs30000_notshare.valid.1.pt, number of examples: 9599
[2021-01-23 19:15:03,733 INFO] Validation perplexity: 32.0684
[2021-01-23 19:15:03,734 INFO] Validation accuracy: 52.9477
[2021-01-23 19:15:03,735 INFO] Decaying learning rate to 9.76563e-07
Saving model into saved_models/incorpscore/Twitter_BiAttEncoder_0.001_400rnn_300emb_seed23bm25_notshare_acc_52.95_ppl_32.07_e12.pt
[2021-01-23 19:15:04,700 INFO] Learning rate 9.76563e-07 is below 1e-6 at epoch 12. Stop training!!
