Total files number: 3596
The top_k 1: 0.006952 acc, 0.002608 recall, 0.003793 f measure,  0.003396 map
The top_k 5: 0.005284 acc, 0.009909 recall, 0.006892 f measure,  0.006320 map
The top_k 10: 0.004672 acc, 0.017524 recall, 0.007377 f measure,  0.007447 map
The top_k 15: 0.007341 acc, 0.041306 recall, 0.012467 f measure,  0.008502 map
The total character size: 1

ROUGE-top 1
{'ROUGE-1-F': 0.00664,
 'ROUGE-1-F-cf95': (0.00463, 0.00875),
 'ROUGE-1-P': 0.00759,
 'ROUGE-1-R': 0.00619,
 'ROUGE-1-R-cf95': (0.00428, 0.00829),
 'ROUGE-2-F': 0.00033,
 'ROUGE-2-F-cf95': (0.0, 0.00082),
 'ROUGE-2-P': 0.00025,
 'ROUGE-2-R': 0.00046,
 'ROUGE-2-R-cf95': (0.0, 0.00115),
 'ROUGE-L-F': 0.00664,
 'ROUGE-L-F-cf95': (0.00463, 0.00875),
 'ROUGE-L-P': 0.00759,
 'ROUGE-L-R': 0.00619,
 'ROUGE-L-R-cf95': (0.00428, 0.00829),
 'ROUGE-SU4-F': 0.0015,
 'ROUGE-SU4-F-cf95': (0.00078, 0.00239),
 'ROUGE-SU4-P': 0.00178,
 'ROUGE-SU4-R': 0.00151,
 'ROUGE-SU4-R-cf95': (0.00073, 0.00252)}
Total files number: 3596
The top_k 1: 0.013070 acc, 0.004902 recall, 0.007130 f measure,  0.005337 map
The top_k 5: 0.012848 acc, 0.024095 recall, 0.016759 f measure,  0.012080 map
The top_k 10: 0.015350 acc, 0.057578 recall, 0.024239 f measure,  0.015892 map
The top_k 15: 0.020634 acc, 0.116095 recall, 0.035040 f measure,  0.018966 map
The total character size: 1

ROUGE-top 1
{'ROUGE-1-F': 0.00662,
 'ROUGE-1-F-cf95': (0.00448, 0.00888),
 'ROUGE-1-P': 0.00684,
 'ROUGE-1-R': 0.00657,
 'ROUGE-1-R-cf95': (0.00447, 0.00879),
 'ROUGE-2-F': 0.00036,
 'ROUGE-2-F-cf95': (0.0, 0.0009),
 'ROUGE-2-P': 0.00025,
 'ROUGE-2-R': 0.00085,
 'ROUGE-2-R-cf95': (0.0, 0.00195),
 'ROUGE-L-F': 0.00662,
 'ROUGE-L-F-cf95': (0.00448, 0.00888),
 'ROUGE-L-P': 0.00684,
 'ROUGE-L-R': 0.00657,
 'ROUGE-L-R-cf95': (0.00447, 0.00879),
 'ROUGE-SU4-F': 0.00039,
 'ROUGE-SU4-F-cf95': (3e-05, 0.00093),
 'ROUGE-SU4-P': 0.0003,
 'ROUGE-SU4-R': 0.00087,
 'ROUGE-SU4-R-cf95': (2e-05, 0.00196)}
Total files number: 3596
The top_k 1: 0.010011 acc, 0.003755 recall, 0.005462 f measure,  0.004995 map
The top_k 5: 0.013404 acc, 0.025138 recall, 0.017485 f measure,  0.010675 map
The top_k 10: 0.016046 acc, 0.060186 recall, 0.025336 f measure,  0.013970 map
The top_k 15: 0.022914 acc, 0.128925 recall, 0.038913 f measure,  0.016886 map
The total character size: 1

ROUGE-top 1
{'ROUGE-1-F': 0.00769,
 'ROUGE-1-F-cf95': (0.00554, 0.00992),
 'ROUGE-1-P': 0.00757,
 'ROUGE-1-R': 0.00818,
 'ROUGE-1-R-cf95': (0.00594, 0.01054),
 'ROUGE-2-F': 0.00059,
 'ROUGE-2-F-cf95': (0.00012, 0.00121),
 'ROUGE-2-P': 0.00043,
 'ROUGE-2-R': 0.00116,
 'ROUGE-2-R-cf95': (0.00032, 0.00222),
 'ROUGE-L-F': 0.00769,
 'ROUGE-L-F-cf95': (0.00554, 0.00992),
 'ROUGE-L-P': 0.00757,
 'ROUGE-L-R': 0.00818,
 'ROUGE-L-R-cf95': (0.00594, 0.01054),
 'ROUGE-SU4-F': 0.00065,
 'ROUGE-SU4-F-cf95': (0.00017, 0.00129),
 'ROUGE-SU4-P': 0.00047,
 'ROUGE-SU4-R': 0.00129,
 'ROUGE-SU4-R-cf95': (0.00037, 0.00237)}
Total files number: 3596
The top_k 1: 0.186596 acc, 0.069991 recall, 0.101798 f measure,  0.083633 map
The top_k 5: 0.107564 acc, 0.201732 recall, 0.140313 f measure,  0.106426 map
The top_k 10: 0.071913 acc, 0.269740 recall, 0.113553 f measure,  0.108869 map
The top_k 15: 0.054023 acc, 0.303953 recall, 0.091741 f measure,  0.108448 map
The total character size: 1

ROUGE-top 1
{'ROUGE-1-F': 0.08921,
 'ROUGE-1-F-cf95': (0.08174, 0.09662),
 'ROUGE-1-P': 0.09134,
 'ROUGE-1-R': 0.0884,
 'ROUGE-1-R-cf95': (0.08107, 0.09565),
 'ROUGE-2-F': 0.00809,
 'ROUGE-2-F-cf95': (0.00553, 0.01087),
 'ROUGE-2-P': 0.00768,
 'ROUGE-2-R': 0.00982,
 'ROUGE-2-R-cf95': (0.00706, 0.01299),
 'ROUGE-L-F': 0.08921,
 'ROUGE-L-F-cf95': (0.08174, 0.09662),
 'ROUGE-L-P': 0.09134,
 'ROUGE-L-R': 0.0884,
 'ROUGE-L-R-cf95': (0.08107, 0.09565),
 'ROUGE-SU4-F': 0.00847,
 'ROUGE-SU4-F-cf95': (0.0059, 0.01117),
 'ROUGE-SU4-P': 0.00816,
 'ROUGE-SU4-R': 0.01047,
 'ROUGE-SU4-R-cf95': (0.00759, 0.01358)}
