Total files number: 2741
The top_k 1: 0.155053 acc, 0.070109 recall, 0.096558 f measure,  0.089902 map
The top_k 5: 0.078949 acc, 0.178489 recall, 0.109475 f measure,  0.112626 map
The top_k 10: 0.051222 acc, 0.231607 recall, 0.083891 f measure,  0.113769 map
The top_k 15: 0.039353 acc, 0.266909 recall, 0.068593 f measure,  0.113556 map
The total character size: 20

ROUGE-top 1
{'ROUGE-1-F': 0.10518,
 'ROUGE-1-F-cf95': (0.09542, 0.11519),
 'ROUGE-1-P': 0.10636,
 'ROUGE-1-R': 0.10657,
 'ROUGE-1-R-cf95': (0.09672, 0.11688),
 'ROUGE-2-F': 0.02062,
 'ROUGE-2-F-cf95': (0.01625, 0.02509),
 'ROUGE-2-P': 0.01863,
 'ROUGE-2-R': 0.02782,
 'ROUGE-2-R-cf95': (0.02204, 0.03347),
 'ROUGE-L-F': 0.10518,
 'ROUGE-L-F-cf95': (0.09542, 0.11519),
 'ROUGE-L-P': 0.10636,
 'ROUGE-L-R': 0.10657,
 'ROUGE-L-R-cf95': (0.09672, 0.11688),
 'ROUGE-SU4-F': 0.0206,
 'ROUGE-SU4-F-cf95': (0.0162, 0.02514),
 'ROUGE-SU4-P': 0.01869,
 'ROUGE-SU4-R': 0.028,
 'ROUGE-SU4-R-cf95': (0.02219, 0.03361)}
